<?xml version="1.0" encoding="UTF-8"?>
<testng-results skipped="0" failed="1" total="1" passed="0">
  <reporter-output>
  </reporter-output>
  <suite name="Default suite" duration-ms="559" started-at="2015-05-12T03:02:35Z" finished-at="2015-05-12T03:02:36Z">
    <groups>
    </groups>
    <test name="Default test" duration-ms="559" started-at="2015-05-12T03:02:35Z" finished-at="2015-05-12T03:02:36Z">
      <class name="com.dangdang.ScenarioSearchScheduler">
        <test-method status="PASS" signature="setup()[pri:0, instance:com.dangdang.ScenarioSearchScheduler@6833ce2c]" name="setup" is-config="true" duration-ms="5" started-at="2015-05-12T11:02:35Z" finished-at="2015-05-12T11:02:35Z">
          <reporter-output>
          </reporter-output>
        </test-method> <!-- setup -->
        <test-method status="FAIL" signature="scenario_search_test1()[pri:0, instance:com.dangdang.ScenarioSearchScheduler@6833ce2c]" name="scenario_search_test1" duration-ms="541" started-at="2015-05-12T11:02:35Z" finished-at="2015-05-12T11:02:36Z">
          <exception class="java.lang.Error">
            <message>
              <![CDATA[Unresolved compilation problem: 
]]>
            </message>
            <full-stacktrace>
              <![CDATA[java.lang.Error: Unresolved compilation problem: 

	at com.dangdang.client.URLBuilder.getPreSearchInfo(URLBuilder - cm.java:920)
	at com.dangdang.TestLauncher.doQuery(TestLauncher.java:184)
	at com.dangdang.TestLauncher.start(TestLauncher.java:36)
	at com.dangdang.ScenarioSearchScheduler.scenario_search_test1(ScenarioSearchScheduler.java:30)
	at sun.reflect.NativeMethodAccessorImpl.invoke0(Native Method)
	at sun.reflect.NativeMethodAccessorImpl.invoke(Unknown Source)
	at sun.reflect.DelegatingMethodAccessorImpl.invoke(Unknown Source)
	at java.lang.reflect.Method.invoke(Unknown Source)
	at org.testng.internal.MethodInvocationHelper.invokeMethod(MethodInvocationHelper.java:84)
	at org.testng.internal.Invoker.invokeMethod(Invoker.java:714)
	at org.testng.internal.Invoker.invokeTestMethod(Invoker.java:901)
	at org.testng.internal.Invoker.invokeTestMethods(Invoker.java:1231)
	at org.testng.internal.TestMethodWorker.invokeTestMethods(TestMethodWorker.java:127)
	at org.testng.internal.TestMethodWorker.run(TestMethodWorker.java:111)
	at org.testng.TestRunner.privateRun(TestRunner.java:767)
	at org.testng.TestRunner.run(TestRunner.java:617)
	at org.testng.SuiteRunner.runTest(SuiteRunner.java:334)
	at org.testng.SuiteRunner.runSequentially(SuiteRunner.java:329)
	at org.testng.SuiteRunner.privateRun(SuiteRunner.java:291)
	at org.testng.SuiteRunner.run(SuiteRunner.java:240)
	at org.testng.SuiteRunnerWorker.runSuite(SuiteRunnerWorker.java:52)
	at org.testng.SuiteRunnerWorker.run(SuiteRunnerWorker.java:86)
	at org.testng.TestNG.runSuitesSequentially(TestNG.java:1224)
	at org.testng.TestNG.runSuitesLocally(TestNG.java:1149)
	at org.testng.TestNG.run(TestNG.java:1057)
	at org.testng.remote.RemoteTestNG.run(RemoteTestNG.java:111)
	at org.testng.remote.RemoteTestNG.initAndRun(RemoteTestNG.java:204)
	at org.testng.remote.RemoteTestNG.main(RemoteTestNG.java:175)
]]>
            </full-stacktrace>
          </exception> <!-- java.lang.Error -->
          <reporter-output>
          </reporter-output>
        </test-method> <!-- scenario_search_test1 -->
        <test-method status="PASS" signature="clearup()[pri:0, instance:com.dangdang.ScenarioSearchScheduler@6833ce2c]" name="clearup" is-config="true" duration-ms="0" started-at="2015-05-12T11:02:36Z" finished-at="2015-05-12T11:02:36Z">
          <reporter-output>
          </reporter-output>
        </test-method> <!-- clearup -->
      </class> <!-- com.dangdang.ScenarioSearchScheduler -->
    </test> <!-- Default test -->
  </suite> <!-- Default suite -->
</testng-results>
